#! /c/Source/iverilog-install/bin/vvp
:ivl_version "12.0 (devel)" "(s20150603-1110-g18392a46)";
:ivl_delay_selection "TYPICAL";
:vpi_time_precision + 0;
:vpi_module "C:\iverilog\lib\ivl\system.vpi";
:vpi_module "C:\iverilog\lib\ivl\vhdl_sys.vpi";
:vpi_module "C:\iverilog\lib\ivl\vhdl_textio.vpi";
:vpi_module "C:\iverilog\lib\ivl\v2005_math.vpi";
:vpi_module "C:\iverilog\lib\ivl\va_math.vpi";
S_0000020033e14470 .scope module, "CLA_with_DFF" "CLA_with_DFF" 2 1;
 .timescale 0 0;
    .port_info 0 /INPUT 4 "A";
    .port_info 1 /INPUT 4 "B";
    .port_info 2 /INPUT 1 "Cin";
    .port_info 3 /INPUT 1 "Clk";
    .port_info 4 /INPUT 1 "Reset";
    .port_info 5 /OUTPUT 4 "Sum_out";
    .port_info 6 /OUTPUT 1 "Cout_out";
o0000020033e2a658 .functor BUFZ 4, C4<zzzz>; HiZ drive
o0000020033e2a688 .functor BUFZ 4, C4<zzzz>; HiZ drive
L_0000020033e25840 .functor AND 4, o0000020033e2a658, o0000020033e2a688, C4<1111>, C4<1111>;
L_0000020033e25060 .functor XOR 4, o0000020033e2a658, o0000020033e2a688, C4<0000>, C4<0000>;
o0000020033e2a6e8 .functor BUFZ 1, C4<z>; HiZ drive
L_0000020033e25b50 .functor BUFZ 1, o0000020033e2a6e8, C4<0>, C4<0>, C4<0>;
L_0000020033e25610 .functor AND 1, L_0000020033e83fe0, L_0000020033e83540, C4<1>, C4<1>;
L_0000020033e25140 .functor OR 1, L_0000020033e82aa0, L_0000020033e25610, C4<0>, C4<0>;
L_0000020033e250d0 .functor AND 1, L_0000020033e84300, L_0000020033e835e0, C4<1>, C4<1>;
L_0000020033e25bc0 .functor OR 1, L_0000020033e84080, L_0000020033e250d0, C4<0>, C4<0>;
L_0000020033e25a00 .functor AND 1, L_0000020033e844e0, L_0000020033e826e0, C4<1>, C4<1>;
L_0000020033e257d0 .functor AND 1, L_0000020033e25a00, L_0000020033e82e60, C4<1>, C4<1>;
L_0000020033e255a0 .functor OR 1, L_0000020033e25bc0, L_0000020033e257d0, C4<0>, C4<0>;
L_0000020033e25290 .functor AND 1, L_0000020033e83400, L_0000020033e834a0, C4<1>, C4<1>;
L_0000020033e25ca0 .functor OR 1, L_0000020033e83220, L_0000020033e25290, C4<0>, C4<0>;
L_0000020033e25370 .functor AND 1, L_0000020033e85b90, L_0000020033e86310, C4<1>, C4<1>;
L_0000020033e25300 .functor AND 1, L_0000020033e25370, L_0000020033e84fb0, C4<1>, C4<1>;
L_0000020033e25e60 .functor OR 1, L_0000020033e25ca0, L_0000020033e25300, C4<0>, C4<0>;
L_0000020033e253e0 .functor AND 1, L_0000020033e86c70, L_0000020033e85910, C4<1>, C4<1>;
L_0000020033e25d10 .functor AND 1, L_0000020033e253e0, L_0000020033e85190, C4<1>, C4<1>;
L_0000020033e25d80 .functor AND 1, L_0000020033e25d10, L_0000020033e861d0, C4<1>, C4<1>;
L_0000020033e25df0 .functor OR 1, L_0000020033e25e60, L_0000020033e25d80, C4<0>, C4<0>;
L_0000020033e25f40 .functor AND 1, L_0000020033e86130, L_0000020033e85870, C4<1>, C4<1>;
L_0000020033e251b0 .functor OR 1, L_0000020033e854b0, L_0000020033e25f40, C4<0>, C4<0>;
L_0000020033e25450 .functor AND 1, L_0000020033e86090, L_0000020033e86270, C4<1>, C4<1>;
L_0000020033e254c0 .functor AND 1, L_0000020033e25450, L_0000020033e863b0, C4<1>, C4<1>;
L_0000020033e25760 .functor OR 1, L_0000020033e251b0, L_0000020033e254c0, C4<0>, C4<0>;
L_0000020033e25530 .functor AND 1, L_0000020033e86450, L_0000020033e86810, C4<1>, C4<1>;
L_0000020033e88390 .functor AND 1, L_0000020033e25530, L_0000020033e85230, C4<1>, C4<1>;
L_0000020033e882b0 .functor AND 1, L_0000020033e88390, L_0000020033e852d0, C4<1>, C4<1>;
L_0000020033e888d0 .functor OR 1, L_0000020033e25760, L_0000020033e882b0, C4<0>, C4<0>;
L_0000020033e889b0 .functor AND 1, L_0000020033e85ff0, L_0000020033e857d0, C4<1>, C4<1>;
L_0000020033e88a90 .functor AND 1, L_0000020033e889b0, L_0000020033e859b0, C4<1>, C4<1>;
L_0000020033e88e10 .functor AND 1, L_0000020033e88a90, L_0000020033e85050, C4<1>, C4<1>;
L_0000020033e88a20 .functor AND 1, L_0000020033e88e10, L_0000020033e86950, C4<1>, C4<1>;
L_0000020033e88cc0 .functor OR 1, L_0000020033e888d0, L_0000020033e88a20, C4<0>, C4<0>;
L_0000020033e88780 .functor XOR 4, L_0000020033e25060, L_0000020033e830e0, C4<0000>, C4<0000>;
L_0000020033e88550 .functor BUFZ 4, L_0000020033e86770, C4<0000>, C4<0000>, C4<0000>;
L_0000020033e88d30 .functor BUFZ 1, v0000020033e80ba0_0, C4<0>, C4<0>, C4<0>;
v0000020033e80ce0_0 .net "A", 3 0, o0000020033e2a658;  0 drivers
v0000020033e811e0_0 .net "B", 3 0, o0000020033e2a688;  0 drivers
v0000020033e810a0_0 .net "C", 3 0, L_0000020033e830e0;  1 drivers
v0000020033e802e0_0 .net "Cin", 0 0, o0000020033e2a6e8;  0 drivers
o0000020033e2a058 .functor BUFZ 1, C4<z>; HiZ drive
v0000020033e80f60_0 .net "Clk", 0 0, o0000020033e2a058;  0 drivers
v0000020033e80420_0 .net "Cout", 0 0, L_0000020033e88cc0;  1 drivers
v0000020033e81b40_0 .net "Cout_out", 0 0, L_0000020033e88d30;  1 drivers
v0000020033e81280_0 .net "Cout_reg", 0 0, v0000020033e80ba0_0;  1 drivers
v0000020033e815a0_0 .net "G", 3 0, L_0000020033e25840;  1 drivers
v0000020033e81000_0 .net "P", 3 0, L_0000020033e25060;  1 drivers
o0000020033e2a0e8 .functor BUFZ 1, C4<z>; HiZ drive
v0000020033e804c0_0 .net "Reset", 0 0, o0000020033e2a0e8;  0 drivers
v0000020033e81820_0 .net "Sum", 3 0, L_0000020033e88780;  1 drivers
v0000020033e813c0_0 .net "Sum_out", 3 0, L_0000020033e88550;  1 drivers
v0000020033e81320_0 .net "Sum_reg", 3 0, L_0000020033e86770;  1 drivers
v0000020033e816e0_0 .net *"_ivl_102", 0 0, L_0000020033e863b0;  1 drivers
v0000020033e81500_0 .net *"_ivl_103", 0 0, L_0000020033e254c0;  1 drivers
v0000020033e81640_0 .net *"_ivl_105", 0 0, L_0000020033e25760;  1 drivers
v0000020033e81c80_0 .net *"_ivl_108", 0 0, L_0000020033e86450;  1 drivers
v0000020033e81a00_0 .net *"_ivl_11", 0 0, L_0000020033e82aa0;  1 drivers
v0000020033e81780_0 .net *"_ivl_110", 0 0, L_0000020033e86810;  1 drivers
v0000020033e80880_0 .net *"_ivl_111", 0 0, L_0000020033e25530;  1 drivers
v0000020033e80920_0 .net *"_ivl_114", 0 0, L_0000020033e85230;  1 drivers
v0000020033e80560_0 .net *"_ivl_115", 0 0, L_0000020033e88390;  1 drivers
v0000020033e818c0_0 .net *"_ivl_118", 0 0, L_0000020033e852d0;  1 drivers
v0000020033e81960_0 .net *"_ivl_119", 0 0, L_0000020033e882b0;  1 drivers
v0000020033e81aa0_0 .net *"_ivl_121", 0 0, L_0000020033e888d0;  1 drivers
v0000020033e81dc0_0 .net *"_ivl_124", 0 0, L_0000020033e85ff0;  1 drivers
v0000020033e81be0_0 .net *"_ivl_126", 0 0, L_0000020033e857d0;  1 drivers
v0000020033e81d20_0 .net *"_ivl_127", 0 0, L_0000020033e889b0;  1 drivers
v0000020033e81e60_0 .net *"_ivl_13", 0 0, L_0000020033e83fe0;  1 drivers
v0000020033e81f00_0 .net *"_ivl_130", 0 0, L_0000020033e859b0;  1 drivers
v0000020033e81fa0_0 .net *"_ivl_131", 0 0, L_0000020033e88a90;  1 drivers
v0000020033e809c0_0 .net *"_ivl_134", 0 0, L_0000020033e85050;  1 drivers
v0000020033e82040_0 .net *"_ivl_135", 0 0, L_0000020033e88e10;  1 drivers
v0000020033e80ec0_0 .net *"_ivl_138", 0 0, L_0000020033e86950;  1 drivers
v0000020033e80d80_0 .net *"_ivl_139", 0 0, L_0000020033e88a20;  1 drivers
v0000020033e80600_0 .net *"_ivl_15", 0 0, L_0000020033e83540;  1 drivers
v0000020033e806a0_0 .net *"_ivl_16", 0 0, L_0000020033e25610;  1 drivers
v0000020033e80740_0 .net *"_ivl_18", 0 0, L_0000020033e25140;  1 drivers
v0000020033e80a60_0 .net *"_ivl_23", 0 0, L_0000020033e84080;  1 drivers
v0000020033e80b00_0 .net *"_ivl_25", 0 0, L_0000020033e84300;  1 drivers
v0000020033e84580_0 .net *"_ivl_27", 0 0, L_0000020033e835e0;  1 drivers
v0000020033e83680_0 .net *"_ivl_28", 0 0, L_0000020033e250d0;  1 drivers
v0000020033e82b40_0 .net *"_ivl_30", 0 0, L_0000020033e25bc0;  1 drivers
v0000020033e83720_0 .net *"_ivl_33", 0 0, L_0000020033e844e0;  1 drivers
v0000020033e832c0_0 .net *"_ivl_35", 0 0, L_0000020033e826e0;  1 drivers
v0000020033e83360_0 .net *"_ivl_36", 0 0, L_0000020033e25a00;  1 drivers
v0000020033e82a00_0 .net *"_ivl_39", 0 0, L_0000020033e82e60;  1 drivers
v0000020033e837c0_0 .net *"_ivl_40", 0 0, L_0000020033e257d0;  1 drivers
v0000020033e82f00_0 .net *"_ivl_42", 0 0, L_0000020033e255a0;  1 drivers
v0000020033e83ae0_0 .net *"_ivl_48", 0 0, L_0000020033e83220;  1 drivers
v0000020033e82780_0 .net *"_ivl_50", 0 0, L_0000020033e83400;  1 drivers
v0000020033e84260_0 .net *"_ivl_52", 0 0, L_0000020033e834a0;  1 drivers
v0000020033e83d60_0 .net *"_ivl_53", 0 0, L_0000020033e25290;  1 drivers
v0000020033e82dc0_0 .net *"_ivl_55", 0 0, L_0000020033e25ca0;  1 drivers
v0000020033e839a0_0 .net *"_ivl_58", 0 0, L_0000020033e85b90;  1 drivers
v0000020033e83a40_0 .net *"_ivl_60", 0 0, L_0000020033e86310;  1 drivers
v0000020033e828c0_0 .net *"_ivl_61", 0 0, L_0000020033e25370;  1 drivers
v0000020033e82820_0 .net *"_ivl_64", 0 0, L_0000020033e84fb0;  1 drivers
v0000020033e83f40_0 .net *"_ivl_65", 0 0, L_0000020033e25300;  1 drivers
v0000020033e82c80_0 .net *"_ivl_67", 0 0, L_0000020033e25e60;  1 drivers
v0000020033e83860_0 .net *"_ivl_7", 0 0, L_0000020033e25b50;  1 drivers
v0000020033e83e00_0 .net *"_ivl_70", 0 0, L_0000020033e86c70;  1 drivers
v0000020033e82fa0_0 .net *"_ivl_72", 0 0, L_0000020033e85910;  1 drivers
v0000020033e83180_0 .net *"_ivl_73", 0 0, L_0000020033e253e0;  1 drivers
v0000020033e843a0_0 .net *"_ivl_76", 0 0, L_0000020033e85190;  1 drivers
v0000020033e82960_0 .net *"_ivl_77", 0 0, L_0000020033e25d10;  1 drivers
v0000020033e84120_0 .net *"_ivl_80", 0 0, L_0000020033e861d0;  1 drivers
v0000020033e83900_0 .net *"_ivl_81", 0 0, L_0000020033e25d80;  1 drivers
v0000020033e841c0_0 .net *"_ivl_83", 0 0, L_0000020033e25df0;  1 drivers
v0000020033e83b80_0 .net *"_ivl_86", 0 0, L_0000020033e854b0;  1 drivers
v0000020033e83c20_0 .net *"_ivl_88", 0 0, L_0000020033e86130;  1 drivers
v0000020033e82be0_0 .net *"_ivl_90", 0 0, L_0000020033e85870;  1 drivers
v0000020033e83cc0_0 .net *"_ivl_91", 0 0, L_0000020033e25f40;  1 drivers
v0000020033e83040_0 .net *"_ivl_93", 0 0, L_0000020033e251b0;  1 drivers
v0000020033e83ea0_0 .net *"_ivl_96", 0 0, L_0000020033e86090;  1 drivers
v0000020033e82d20_0 .net *"_ivl_98", 0 0, L_0000020033e86270;  1 drivers
v0000020033e84440_0 .net *"_ivl_99", 0 0, L_0000020033e25450;  1 drivers
L_0000020033e82aa0 .part L_0000020033e25840, 0, 1;
L_0000020033e83fe0 .part L_0000020033e25060, 0, 1;
L_0000020033e83540 .part L_0000020033e830e0, 0, 1;
L_0000020033e84080 .part L_0000020033e25840, 1, 1;
L_0000020033e84300 .part L_0000020033e25060, 1, 1;
L_0000020033e835e0 .part L_0000020033e25840, 0, 1;
L_0000020033e844e0 .part L_0000020033e25060, 1, 1;
L_0000020033e826e0 .part L_0000020033e25060, 0, 1;
L_0000020033e82e60 .part L_0000020033e830e0, 0, 1;
L_0000020033e830e0 .concat8 [ 1 1 1 1], L_0000020033e25b50, L_0000020033e25140, L_0000020033e255a0, L_0000020033e25df0;
L_0000020033e83220 .part L_0000020033e25840, 2, 1;
L_0000020033e83400 .part L_0000020033e25060, 2, 1;
L_0000020033e834a0 .part L_0000020033e25840, 1, 1;
L_0000020033e85b90 .part L_0000020033e25060, 2, 1;
L_0000020033e86310 .part L_0000020033e25060, 1, 1;
L_0000020033e84fb0 .part L_0000020033e25840, 0, 1;
L_0000020033e86c70 .part L_0000020033e25060, 2, 1;
L_0000020033e85910 .part L_0000020033e25060, 1, 1;
L_0000020033e85190 .part L_0000020033e25060, 0, 1;
L_0000020033e861d0 .part L_0000020033e830e0, 0, 1;
L_0000020033e854b0 .part L_0000020033e25840, 3, 1;
L_0000020033e86130 .part L_0000020033e25060, 3, 1;
L_0000020033e85870 .part L_0000020033e25840, 2, 1;
L_0000020033e86090 .part L_0000020033e25060, 3, 1;
L_0000020033e86270 .part L_0000020033e25060, 2, 1;
L_0000020033e863b0 .part L_0000020033e25840, 1, 1;
L_0000020033e86450 .part L_0000020033e25060, 3, 1;
L_0000020033e86810 .part L_0000020033e25060, 2, 1;
L_0000020033e85230 .part L_0000020033e25060, 1, 1;
L_0000020033e852d0 .part L_0000020033e25840, 0, 1;
L_0000020033e85ff0 .part L_0000020033e25060, 3, 1;
L_0000020033e857d0 .part L_0000020033e25060, 2, 1;
L_0000020033e859b0 .part L_0000020033e25060, 1, 1;
L_0000020033e85050 .part L_0000020033e25060, 0, 1;
L_0000020033e86950 .part L_0000020033e830e0, 0, 1;
L_0000020033e864f0 .part L_0000020033e88780, 0, 1;
L_0000020033e85a50 .part L_0000020033e88780, 1, 1;
L_0000020033e85af0 .part L_0000020033e88780, 2, 1;
L_0000020033e85f50 .part L_0000020033e88780, 3, 1;
L_0000020033e86770 .concat8 [ 1 1 1 1], v0000020033e11df0_0, v0000020033e11e90_0, v0000020033e12390_0, v0000020033e81460_0;
S_0000020033e1c1f0 .scope module, "DFF0" "DFlipFlop" 2 31, 2 43 0, S_0000020033e14470;
 .timescale 0 0;
    .port_info 0 /INPUT 1 "D";
    .port_info 1 /INPUT 1 "Clk";
    .port_info 2 /INPUT 1 "Reset";
    .port_info 3 /OUTPUT 1 "Q";
v0000020033e112b0_0 .net "Clk", 0 0, o0000020033e2a058;  alias, 0 drivers
v0000020033e10bd0_0 .net "D", 0 0, L_0000020033e864f0;  1 drivers
v0000020033e11df0_0 .var "Q", 0 0;
v0000020033e10ef0_0 .net "Reset", 0 0, o0000020033e2a0e8;  alias, 0 drivers
E_0000020033e24150 .event posedge, v0000020033e112b0_0;
S_0000020033e1c380 .scope module, "DFF1" "DFlipFlop" 2 32, 2 43 0, S_0000020033e14470;
 .timescale 0 0;
    .port_info 0 /INPUT 1 "D";
    .port_info 1 /INPUT 1 "Clk";
    .port_info 2 /INPUT 1 "Reset";
    .port_info 3 /OUTPUT 1 "Q";
v0000020033e11530_0 .net "Clk", 0 0, o0000020033e2a058;  alias, 0 drivers
v0000020033e11170_0 .net "D", 0 0, L_0000020033e85a50;  1 drivers
v0000020033e11e90_0 .var "Q", 0 0;
v0000020033e11fd0_0 .net "Reset", 0 0, o0000020033e2a0e8;  alias, 0 drivers
S_0000020033e1c510 .scope module, "DFF2" "DFlipFlop" 2 33, 2 43 0, S_0000020033e14470;
 .timescale 0 0;
    .port_info 0 /INPUT 1 "D";
    .port_info 1 /INPUT 1 "Clk";
    .port_info 2 /INPUT 1 "Reset";
    .port_info 3 /OUTPUT 1 "Q";
v0000020033e12110_0 .net "Clk", 0 0, o0000020033e2a058;  alias, 0 drivers
v0000020033e121b0_0 .net "D", 0 0, L_0000020033e85af0;  1 drivers
v0000020033e12390_0 .var "Q", 0 0;
v0000020033e81140_0 .net "Reset", 0 0, o0000020033e2a0e8;  alias, 0 drivers
S_0000020033e82160 .scope module, "DFF3" "DFlipFlop" 2 34, 2 43 0, S_0000020033e14470;
 .timescale 0 0;
    .port_info 0 /INPUT 1 "D";
    .port_info 1 /INPUT 1 "Clk";
    .port_info 2 /INPUT 1 "Reset";
    .port_info 3 /OUTPUT 1 "Q";
v0000020033e80e20_0 .net "Clk", 0 0, o0000020033e2a058;  alias, 0 drivers
v0000020033e80380_0 .net "D", 0 0, L_0000020033e85f50;  1 drivers
v0000020033e81460_0 .var "Q", 0 0;
v0000020033e80c40_0 .net "Reset", 0 0, o0000020033e2a0e8;  alias, 0 drivers
S_0000020033e822f0 .scope module, "DFFC" "DFlipFlop" 2 35, 2 43 0, S_0000020033e14470;
 .timescale 0 0;
    .port_info 0 /INPUT 1 "D";
    .port_info 1 /INPUT 1 "Clk";
    .port_info 2 /INPUT 1 "Reset";
    .port_info 3 /OUTPUT 1 "Q";
v0000020033e807e0_0 .net "Clk", 0 0, o0000020033e2a058;  alias, 0 drivers
v0000020033e801a0_0 .net "D", 0 0, L_0000020033e88cc0;  alias, 1 drivers
v0000020033e80ba0_0 .var "Q", 0 0;
v0000020033e80240_0 .net "Reset", 0 0, o0000020033e2a0e8;  alias, 0 drivers
    .scope S_0000020033e1c1f0;
T_0 ;
    %wait E_0000020033e24150;
    %load/vec4 v0000020033e10ef0_0;
    %flag_set/vec4 8;
    %jmp/0xz  T_0.0, 8;
    %pushi/vec4 0, 0, 1;
    %assign/vec4 v0000020033e11df0_0, 0;
    %jmp T_0.1;
T_0.0 ;
    %load/vec4 v0000020033e10bd0_0;
    %assign/vec4 v0000020033e11df0_0, 0;
T_0.1 ;
    %jmp T_0;
    .thread T_0;
    .scope S_0000020033e1c380;
T_1 ;
    %wait E_0000020033e24150;
    %load/vec4 v0000020033e11fd0_0;
    %flag_set/vec4 8;
    %jmp/0xz  T_1.0, 8;
    %pushi/vec4 0, 0, 1;
    %assign/vec4 v0000020033e11e90_0, 0;
    %jmp T_1.1;
T_1.0 ;
    %load/vec4 v0000020033e11170_0;
    %assign/vec4 v0000020033e11e90_0, 0;
T_1.1 ;
    %jmp T_1;
    .thread T_1;
    .scope S_0000020033e1c510;
T_2 ;
    %wait E_0000020033e24150;
    %load/vec4 v0000020033e81140_0;
    %flag_set/vec4 8;
    %jmp/0xz  T_2.0, 8;
    %pushi/vec4 0, 0, 1;
    %assign/vec4 v0000020033e12390_0, 0;
    %jmp T_2.1;
T_2.0 ;
    %load/vec4 v0000020033e121b0_0;
    %assign/vec4 v0000020033e12390_0, 0;
T_2.1 ;
    %jmp T_2;
    .thread T_2;
    .scope S_0000020033e82160;
T_3 ;
    %wait E_0000020033e24150;
    %load/vec4 v0000020033e80c40_0;
    %flag_set/vec4 8;
    %jmp/0xz  T_3.0, 8;
    %pushi/vec4 0, 0, 1;
    %assign/vec4 v0000020033e81460_0, 0;
    %jmp T_3.1;
T_3.0 ;
    %load/vec4 v0000020033e80380_0;
    %assign/vec4 v0000020033e81460_0, 0;
T_3.1 ;
    %jmp T_3;
    .thread T_3;
    .scope S_0000020033e822f0;
T_4 ;
    %wait E_0000020033e24150;
    %load/vec4 v0000020033e80240_0;
    %flag_set/vec4 8;
    %jmp/0xz  T_4.0, 8;
    %pushi/vec4 0, 0, 1;
    %assign/vec4 v0000020033e80ba0_0, 0;
    %jmp T_4.1;
T_4.0 ;
    %load/vec4 v0000020033e801a0_0;
    %assign/vec4 v0000020033e80ba0_0, 0;
T_4.1 ;
    %jmp T_4;
    .thread T_4;
# The file index is used to find the file name in the following table.
:file_names 3;
    "N/A";
    "<interactive>";
    "verilog_implement.v";
